<?xml version="1.0" encoding="UTF-8"?>
<testsuite xmlns:xsi="http://www.w3.org/2001/XMLSchema-instance" xsi:noNamespaceSchemaLocation="https://maven.apache.org/surefire/maven-surefire-plugin/xsd/surefire-test-report-3.0.xsd" version="3.0" name="com.electronic.api.ElectronicApiApplicationTests" time="3.399" tests="1" errors="0" skipped="0" failures="0">
  <properties>
[...]
</properties>
  <testcase name="contextLoads" classname="com.electronic.api.ElectronicApiApplicationTests" time="0.42">
    <system-out><![CDATA[03:19:53.849 [main] INFO org.springframework.test.context.support.AnnotationConfigContextLoaderUtils -- Could not detect default configuration classes for test class [com.electronic.api.ElectronicApiApplicationTests]: ElectronicApiApplicationTests does not declare any static, non-private, non-final, nested classes annotated with @Configuration.
03:19:53.913 [main] INFO org.springframework.boot.test.context.SpringBootTestContextBootstrapper -- Found @SpringBootConfiguration com.electronic.api.ElectronicApiApplication for test class com.electronic.api.ElectronicApiApplicationTests

  .   ____          _            __ _ _
 /\\ / ___'_ __ _ _(_)_ __  __ _ \ \ \ \
( ( )\___ | '_ | '_| | '_ \/ _` | \ \ \ \
 \\/  ___)| |_)| | | | | || (_| |  ) ) ) )
  '  |____| .__|_| |_|_| |_\__, | / / / /
 =========|_|==============|___/=/_/_/_/
 :: Spring Boot ::                (v3.2.5)

2026-03-03T03:19:54.168Z  INFO 9233 --- [electronic-api] [           main] c.e.api.ElectronicApiApplicationTests    : Starting ElectronicApiApplicationTests using Java 21.0.10 with PID 9233 (started by ubuntu in /workspace/electronic-api)
2026-03-03T03:19:54.170Z  INFO 9233 --- [electronic-api] [           main] c.e.api.ElectronicApiApplicationTests    : No active profile set, falling back to 1 default profile: "default"
2026-03-03T03:19:54.683Z  INFO 9233 --- [electronic-api] [           main] .s.d.r.c.RepositoryConfigurationDelegate : Bootstrapping Spring Data JPA repositories in DEFAULT mode.
2026-03-03T03:19:54.715Z  INFO 9233 --- [electronic-api] [           main] .s.d.r.c.RepositoryConfigurationDelegate : Finished Spring Data repository scanning in 27 ms. Found 1 JPA repository interface.
2026-03-03T03:19:55.015Z  INFO 9233 --- [electronic-api] [           main] o.hibernate.jpa.internal.util.LogHelper  : HHH000204: Processing PersistenceUnitInfo [name: default]
2026-03-03T03:19:55.050Z  INFO 9233 --- [electronic-api] [           main] org.hibernate.Version                    : HHH000412: Hibernate ORM core version 6.4.4.Final
2026-03-03T03:19:55.072Z  INFO 9233 --- [electronic-api] [           main] o.h.c.internal.RegionFactoryInitiator    : HHH000026: Second-level cache disabled
2026-03-03T03:19:55.251Z  INFO 9233 --- [electronic-api] [           main] o.s.o.j.p.SpringPersistenceUnitInfo      : No LoadTimeWeaver setup: ignoring JPA class transformer
2026-03-03T03:19:55.271Z  INFO 9233 --- [electronic-api] [           main] com.zaxxer.hikari.HikariDataSource       : HikariPool-1 - Starting...
2026-03-03T03:19:55.395Z  INFO 9233 --- [electronic-api] [           main] com.zaxxer.hikari.pool.HikariPool        : HikariPool-1 - Added connection conn0: url=jdbc:h2:mem:electronic user=SA
2026-03-03T03:19:55.396Z  INFO 9233 --- [electronic-api] [           main] com.zaxxer.hikari.HikariDataSource       : HikariPool-1 - Start completed.
2026-03-03T03:19:55.413Z  WARN 9233 --- [electronic-api] [           main] org.hibernate.orm.deprecation            : HHH90000025: H2Dialect does not need to be specified explicitly using 'hibernate.dialect' (remove the property setting and it will be selected by default)
2026-03-03T03:19:55.926Z  INFO 9233 --- [electronic-api] [           main] o.h.e.t.j.p.i.JtaPlatformInitiator       : HHH000489: No JTA platform available (set 'hibernate.transaction.jta.platform' to enable JTA platform integration)
Hibernate: create table product (id bigint generated by default as identity, category varchar(100), created_at timestamp(6), description varchar(1000), enabled boolean not null, image_url varchar(500), name varchar(200) not null, price numeric(10,2) not null, stock integer not null, updated_at timestamp(6), primary key (id))
2026-03-03T03:19:55.972Z  INFO 9233 --- [electronic-api] [           main] j.LocalContainerEntityManagerFactoryBean : Initialized JPA EntityManagerFactory for persistence unit 'default'
2026-03-03T03:19:56.661Z  INFO 9233 --- [electronic-api] [           main] o.s.b.a.h2.H2ConsoleAutoConfiguration    : H2 console available at '/h2-console'. Database available at 'jdbc:h2:mem:electronic'
2026-03-03T03:19:56.711Z  INFO 9233 --- [electronic-api] [           main] c.e.api.ElectronicApiApplicationTests    : Started ElectronicApiApplicationTests in 2.718 seconds (process running for 3.335)
]]></system-out>
    <system-err><![CDATA[WARNING: A Java agent has been loaded dynamically (/home/ubuntu/.m2/repository/net/bytebuddy/byte-buddy-agent/1.14.13/byte-buddy-agent-1.14.13.jar)
WARNING: If a serviceability tool is in use, please run with -XX:+EnableDynamicAgentLoading to hide this warning
WARNING: If a serviceability tool is not in use, please run with -Djdk.instrument.traceUsage for more information
WARNING: Dynamic loading of agents will be disallowed by default in a future release
]]></system-err>
  </testcase>
</testsuite>